        -:    0:Source:C:/Users/user/Desktop/Projects/Flower_Shop/Tests/AllTests.cpp
        -:    0:Graph:C:\Users\user\Desktop\Projects\Flower_Shop\cmake-build-debug-coverage\CMakeFiles\Flower_Shop.dir\Tests\AllTests.cpp.gcno
        -:    0:Data:C:\Users\user\Desktop\Projects\Flower_Shop\cmake-build-debug-coverage\CMakeFiles\Flower_Shop.dir\Tests\AllTests.cpp.gcda
        -:    0:Runs:1
        -:    1://
        -:    2:// Created by user on 01.05.2022.
        -:    3://
        -:    4:
        -:    5:#include "AllTests.h"
        -:    6:
function _ZN8AllTests9run_testsEv called 1 returned 100% blocks executed 100%
        1:    7:void AllTests::run_tests() {
        1:    8:    DomainTest::run_tests();
        1:    8-block  0
call    0 returned 1
        1:    9:    TestController::test();
call    0 returned 1
        1:   10:}
