        -:    0:Source:C:/Users/user/Desktop/Projects/Flower_Shop/UI/Console.cpp
        -:    0:Graph:C:\Users\user\Desktop\Projects\Flower_Shop\cmake-build-debug-coverage\CMakeFiles\Flower_Shop.dir\UI\Console.cpp.gcno
        -:    0:Data:C:\Users\user\Desktop\Projects\Flower_Shop\cmake-build-debug-coverage\CMakeFiles\Flower_Shop.dir\UI\Console.cpp.gcda
        -:    0:Runs:1
        -:    1://
        -:    2:// Created by user on 02.05.2022.
        -:    3://
        -:    4:
        -:    5:#include <iostream>
        -:    6:#include "Console.h"
        -:    7:
function _ZN7ConsoleC2ER16FlowerController called 1 returned 100% blocks executed 100%
        1:    8:Console::Console(FlowerController &controller) : controller(controller) {}
        -:    9:
function _ZN7Console8showMenuEv called 1 returned 100% blocks executed 100%
        1:   10:void Console::showMenu() {
        1:   11:    std::cout << "1. Add flower" << '\n';
        1:   11-block  0
call    0 returned 1
call    1 returned 1
        1:   12:    std::cout << "2. Show flowers" << '\n';
call    0 returned 1
call    1 returned 1
        1:   13:    std::cout << "3. Remove flower" << '\n';
call    0 returned 1
call    1 returned 1
        1:   14:    std::cout << "x. Exit" << '\n';
call    0 returned 1
call    1 returned 1
        1:   15:    std::cout << "Option: ";
call    0 returned 1
        1:   16:}
        -:   17:
function _ZN7Console7runMenuEv called 1 returned 100% blocks executed 11%
        1:   18:void Console::runMenu() {
        -:   19:    char option;
        1:   20:    bool shouldRun = true;
        -:   21:
        2:   22:    while (shouldRun) {
        1:   22-block  0
        2:   22-block  1
branch  0 taken 1
branch  1 taken 1 (fallthrough)
        1:   23:        this->showMenu();
        1:   23-block  0
call    0 returned 1
branch  1 taken 1 (fallthrough)
branch  2 taken 0 (throw)
        1:   24:        std::cin >> option;
        1:   24-block  0
call    0 returned 1
branch  1 taken 1 (fallthrough)
branch  2 taken 0 (throw)
        1:   25:        switch (option) {
        1:   25-block  0
branch  0 taken 0
branch  1 taken 0
branch  2 taken 0
branch  3 taken 1
branch  4 taken 0
    #####:   26:            case '1': {
    #####:   27:                std::string color, species, season;
    %%%%%:   27-block  0
call    0 never executed
call    1 never executed
call    2 never executed
        -:   28:                double price;
    #####:   29:                std::cout << "Give color: ";
call    0 never executed
branch  1 never executed
branch  2 never executed
    #####:   30:                std::cin >> color;
    %%%%%:   30-block  0
call    0 never executed
branch  1 never executed
branch  2 never executed
    #####:   31:                std::cout << "Give species: ";
    %%%%%:   31-block  0
call    0 never executed
branch  1 never executed
branch  2 never executed
    #####:   32:                std::cin >> species;
    %%%%%:   32-block  0
call    0 never executed
branch  1 never executed
branch  2 never executed
    #####:   33:                std::cout << "Give season: ";
    %%%%%:   33-block  0
call    0 never executed
branch  1 never executed
branch  2 never executed
    #####:   34:                std::cin >> season;
    %%%%%:   34-block  0
call    0 never executed
branch  1 never executed
branch  2 never executed
    #####:   35:                std::cout << "Give price: ";
    %%%%%:   35-block  0
call    0 never executed
branch  1 never executed
branch  2 never executed
    #####:   36:                std::cin >> price;
    %%%%%:   36-block  0
call    0 never executed
branch  1 never executed
branch  2 never executed
    #####:   37:                controller.addFlower(color, species, season, price);
    %%%%%:   37-block  0
call    0 never executed
branch  1 never executed
branch  2 never executed
    %%%%%:   37-block  1
call    3 never executed
branch  4 never executed
branch  5 never executed
    %%%%%:   37-block  2
call    6 never executed
branch  7 never executed
branch  8 never executed
    %%%%%:   37-block  3
call    9 never executed
branch 10 never executed
branch 11 never executed
    %%%%%:   37-block  4
call   12 never executed
call   13 never executed
call   14 never executed
    $$$$$:   37-block  5
call   15 never executed
    $$$$$:   37-block  6
    $$$$$:   37-block  7
call   16 never executed
    $$$$$:   37-block  8
    $$$$$:   37-block  9
call   17 never executed
    $$$$$:   37-block 10
    #####:   38:                break;
    #####:   39:            }
    %%%%%:   39-block  0
call    0 never executed
call    1 never executed
call    2 never executed
    $$$$$:   39-block  1
call    3 never executed
    $$$$$:   39-block  2
call    4 never executed
    $$$$$:   39-block  3
call    5 never executed
    #####:   40:            case '2': {
    #####:   41:                std::vector<Flower> flowers = controller.readFlowers();
    %%%%%:   41-block  0
call    0 never executed
branch  1 never executed
branch  2 never executed
    #####:   42:                for (int i = 0; i < flowers.size(); i++) {
    %%%%%:   42-block  0
    %%%%%:   42-block  1
    %%%%%:   42-block  2
call    0 never executed
branch  1 never executed
branch  2 never executed
    #####:   43:                    std::cout << flowers[i];
    %%%%%:   43-block  0
call    0 never executed
call    1 never executed
branch  2 never executed
branch  3 never executed
        -:   44:                }
    #####:   45:                break;
    %%%%%:   45-block  0
    #####:   46:            }
    %%%%%:   46-block  0
call    0 never executed
    $$$$$:   46-block  1
call    1 never executed
    #####:   47:            case '3': {
        -:   48:                int id;
    #####:   49:                std::cout << "Id: ";
    %%%%%:   49-block  0
call    0 never executed
branch  1 never executed
branch  2 never executed
    #####:   50:                std::cin >> id;
    %%%%%:   50-block  0
call    0 never executed
branch  1 never executed
branch  2 never executed
        -:   51:                try {
    #####:   52:                    controller.removeFlower(id);
    %%%%%:   52-block  0
call    0 never executed
branch  1 never executed
branch  2 never executed
        -:   53:                }
    =====:   54:                catch (std::invalid_argument &e) {
    $$$$$:   54-block  0
branch  0 never executed
branch  1 never executed
    $$$$$:   54-block  1
call    2 never executed
    =====:   55:                    std::cout << e.what();
call    0 never executed
call    1 never executed
branch  2 never executed
branch  3 never executed
    =====:   56:                }
    $$$$$:   56-block  0
call    0 never executed
    $$$$$:   56-block  1
call    1 never executed
    #####:   57:                break;
    %%%%%:   57-block  0
        -:   58:            }
        1:   59:            case 'x': {
        1:   60:                shouldRun = false;
        1:   61:                break;
        1:   61-block  0
        -:   62:            }
    #####:   63:            default: {
    #####:   64:                std::cout << "Invalid option! Try again!" << '\n';
    %%%%%:   64-block  0
call    0 never executed
branch  1 never executed
branch  2 never executed
    %%%%%:   64-block  1
call    3 never executed
branch  4 never executed
branch  5 never executed
        -:   65:            }
        -:   66:        }
        -:   67:    }
        -:   68:
        1:   69:}
        1:   69-block  0
        -:   70:
