        -:    0:Source:C:/Users/user/Desktop/Projects/Flower_Shop/Controller/FlowerController.cpp
        -:    0:Graph:C:\Users\user\Desktop\Projects\Flower_Shop\cmake-build-debug-coverage\CMakeFiles\Flower_Shop.dir\Controller\FlowerController.cpp.gcno
        -:    0:Data:C:\Users\user\Desktop\Projects\Flower_Shop\cmake-build-debug-coverage\CMakeFiles\Flower_Shop.dir\Controller\FlowerController.cpp.gcda
        -:    0:Runs:1
        -:    1://
        -:    2:// Created by user on 02.05.2022.
        -:    3://
        -:    4:
        -:    5:#include "FlowerController.h"
        -:    6:#include "../Domain/Flower.h"
        -:    7:
function _ZN16FlowerControllerC2ER5IRepoI6FlowerE called 2 returned 100% blocks executed 100%
        2:    8:FlowerController::FlowerController(IRepo<Flower> &Irepo) : repo(Irepo) {}
        -:    9:
        -:   10:void
function _ZN16FlowerController9addFlowerENSt7__cxx1112basic_stringIcSt11char_traitsIcESaIcEEES5_S5_d called 2 returned 100% blocks executed 48%
        2:   11:FlowerController::addFlower(std::string color, std::string species, std::string season, double price) {
        4:   12:    Flower flower(this->next_id, color, species, season, price);
        2:   12-block  0
call    0 returned 2
branch  1 taken 2 (fallthrough)
branch  2 taken 0 (throw)
        2:   12-block  1
call    3 returned 2
branch  4 taken 2 (fallthrough)
branch  5 taken 0 (throw)
        2:   12-block  2
call    6 returned 2
branch  7 taken 2 (fallthrough)
branch  8 taken 0 (throw)
        2:   12-block  3
call    9 returned 2
branch 10 taken 2 (fallthrough)
branch 11 taken 0 (throw)
call   12 returned 2
call   13 returned 2
    $$$$$:   12-block  4
    $$$$$:   12-block  5
    $$$$$:   12-block  6
        2:   13:    repo.create(flower);
call    0 returned 2
branch  1 taken 2 (fallthrough)
branch  2 taken 0 (throw)
        2:   13-block  0
call    3 returned 2
branch  4 taken 2 (fallthrough)
branch  5 taken 0 (throw)
        2:   13-block  1
call    6 returned 2
    $$$$$:   13-block  2
call    7 never executed
    $$$$$:   13-block  3
        2:   14:    this->next_id++;
        -:   15:
        2:   16:}
call    0 returned 2
    $$$$$:   16-block  0
call    1 never executed
        -:   17:
function _ZN16FlowerController11readFlowersEv called 1 returned 100% blocks executed 100%
        1:   18:std::vector<Flower> FlowerController::readFlowers() {
        1:   19:    return repo.getAll();
        1:   19-block  0
call    0 returned 1
        -:   20:}
        -:   21:
function _ZN16FlowerController12removeFlowerEi called 0 returned 0% blocks executed 0%
    #####:   22:void FlowerController::removeFlower(int id) {
    #####:   23:    if (id <= 0)
    %%%%%:   23-block  0
branch  0 never executed
branch  1 never executed
    #####:   24:        throw std::invalid_argument("Id should be positive");
    %%%%%:   24-block  0
call    0 never executed
call    1 never executed
branch  2 never executed
branch  3 never executed
    %%%%%:   24-block  1
call    4 never executed
    $$$$$:   24-block  2
call    5 never executed
    #####:   25:    Flower flower;
    %%%%%:   25-block  0
call    0 never executed
branch  1 never executed
branch  2 never executed
    #####:   26:    std::vector<Flower> flowers = repo.getAll();
    %%%%%:   26-block  0
call    0 never executed
branch  1 never executed
branch  2 never executed
    #####:   27:    for (Flower i: flowers)
    %%%%%:   27-block  0
call    0 never executed
call    1 never executed
    %%%%%:   27-block  1
call    2 never executed
call    3 never executed
branch  4 never executed
branch  5 never executed
call    6 never executed
    %%%%%:   27-block  2
call    7 never executed
branch  8 never executed
branch  9 never executed
    #####:   28:        if (i.getId() == id)
    %%%%%:   28-block  0
call    0 never executed
branch  1 never executed
branch  2 never executed
    %%%%%:   28-block  1
branch  3 never executed
branch  4 never executed
    #####:   29:            flower = i;
    %%%%%:   29-block  0
call    0 never executed
branch  1 never executed
branch  2 never executed
    %%%%%:   29-block  1
call    3 never executed
    $$$$$:   29-block  2
call    4 never executed
    #####:   30:    if (flower.getId() == 0)
    %%%%%:   30-block  0
call    0 never executed
branch  1 never executed
branch  2 never executed
    %%%%%:   30-block  1
branch  3 never executed
branch  4 never executed
    #####:   31:        throw std::invalid_argument("No flower has been found");
    %%%%%:   31-block  0
call    0 never executed
call    1 never executed
branch  2 never executed
branch  3 never executed
    %%%%%:   31-block  1
call    4 never executed
    $$$$$:   31-block  2
call    5 never executed
    #####:   32:    repo.remove(flower);
    %%%%%:   32-block  0
call    0 never executed
branch  1 never executed
branch  2 never executed
    %%%%%:   32-block  1
call    3 never executed
branch  4 never executed
branch  5 never executed
    %%%%%:   32-block  2
call    6 never executed
    $$$$$:   32-block  3
call    7 never executed
    $$$$$:   32-block  4
    #####:   33:}
call    0 never executed
call    1 never executed
    $$$$$:   33-block  0
call    2 never executed
    $$$$$:   33-block  1
call    3 never executed
        -:   34:
        -:   35:
