        -:    0:Source:C:/Users/user/Desktop/Projects/Flower_Shop/Repository/RepoInMemory.h
        -:    0:Graph:C:\Users\user\Desktop\Projects\Flower_Shop\cmake-build-debug-coverage\CMakeFiles\Flower_Shop.dir\main.cpp.gcno
        -:    0:Data:C:\Users\user\Desktop\Projects\Flower_Shop\cmake-build-debug-coverage\CMakeFiles\Flower_Shop.dir\main.cpp.gcda
        -:    0:Runs:1
        -:    1://
        -:    2:// Created by user on 01.05.2022.
        -:    3://
        -:    4:
        -:    5:#include "IRepo.h"
        -:    6:
        -:    7:#ifndef FLOWER_SHOP_REPOINMEMORY_H
        -:    8:#define FLOWER_SHOP_REPOINMEMORY_H
        -:    9:
        -:   10:
        -:   11:template<class T>
        -:   12:class RepoInMemory : public IRepo<T> {
        -:   13:private:
        -:   14:    std::vector<T> elements;
        -:   15:
        -:   16:public:
function _ZN12RepoInMemoryI6FlowerEC1Ev called 2 returned 100% blocks executed 100%
        2:   17:    RepoInMemory() = default;
        2:   17-block  0
call    0 returned 2
call    1 returned 2
        -:   18:
function _ZN12RepoInMemoryI6FlowerED1Ev called 2 returned 100% blocks executed 100%
        2:   19:    ~RepoInMemory() = default;
        2:   19-block  0
call    0 returned 2
        -:   20:
function _ZN12RepoInMemoryI6FlowerE6createES0_ called 2 returned 100% blocks executed 100%
        2:   21:    void create(T elem) override {
        2:   22:        this->elements.push_back(elem);
        2:   22-block  0
call    0 returned 2
        2:   23:    }
        -:   24:
function _ZN12RepoInMemoryI6FlowerE3getEi called 0 returned 0% blocks executed 0%
    #####:   25:    T get(int index) override {
    #####:   26:        return this->elements[index];
    %%%%%:   26-block  0
call    0 never executed
call    1 never executed
        -:   27:    }
        -:   28:
function _ZN12RepoInMemoryI6FlowerE6getAllEv called 1 returned 100% blocks executed 100%
        1:   29:    std::vector<T> getAll() override {
        1:   30:        return this->elements;
        1:   30-block  0
call    0 returned 1
        -:   31:    }
        -:   32:
function _ZN12RepoInMemoryI6FlowerE6updateES0_S0_ called 0 returned 0% blocks executed 0%
    #####:   33:    void update(T old_elem, T new_elem) override {
    #####:   34:        for (auto it = elements.begin(); it != elements.end(); ++it)
    %%%%%:   34-block  0
call    0 never executed
    %%%%%:   34-block  1
call    1 never executed
    %%%%%:   34-block  2
call    2 never executed
call    3 never executed
branch  4 never executed
branch  5 never executed
    #####:   35:            if (*it == old_elem)
    %%%%%:   35-block  0
call    0 never executed
call    1 never executed
branch  2 never executed
branch  3 never executed
    %%%%%:   35-block  1
branch  4 never executed
branch  5 never executed
    #####:   36:                *it = new_elem;
    %%%%%:   36-block  0
call    0 never executed
call    1 never executed
branch  2 never executed
branch  3 never executed
    #####:   37:    }
    %%%%%:   37-block  0
        -:   38:
function _ZN12RepoInMemoryI6FlowerE6removeES0_ called 0 returned 0% blocks executed 0%
    #####:   39:    void remove(T elem) override {
    #####:   40:        for (auto it = elements.begin(); it != elements.end();) {
    %%%%%:   40-block  0
call    0 never executed
    %%%%%:   40-block  1
call    1 never executed
call    2 never executed
branch  3 never executed
branch  4 never executed
    #####:   41:            if (*it == elem) {
    %%%%%:   41-block  0
call    0 never executed
call    1 never executed
branch  2 never executed
branch  3 never executed
    %%%%%:   41-block  1
branch  4 never executed
branch  5 never executed
    #####:   42:                it = elements.erase(it);
    %%%%%:   42-block  0
call    0 never executed
call    1 never executed
branch  2 never executed
branch  3 never executed
    %%%%%:   42-block  1
    $$$$$:   42-block  2
        -:   43:            } else {
    #####:   44:                ++it;
    %%%%%:   44-block  0
call    0 never executed
        -:   45:            }
        -:   46:        }
    #####:   47:    }
    %%%%%:   47-block  0
        -:   48:};
        -:   49:
        -:   50:
        -:   51:#endif //FLOWER_SHOP_REPOINMEMORY_H
