        -:    0:Source:C:/Users/user/Desktop/Projects/Flower_Shop/main.cpp
        -:    0:Graph:C:\Users\user\Desktop\Projects\Flower_Shop\cmake-build-debug-coverage\CMakeFiles\Flower_Shop.dir\main.cpp.gcno
        -:    0:Data:C:\Users\user\Desktop\Projects\Flower_Shop\cmake-build-debug-coverage\CMakeFiles\Flower_Shop.dir\main.cpp.gcda
        -:    0:Runs:1
        -:    1:#include "Tests/AllTests.h"
        -:    2:#include "Repository/RepoInMemory.h"
        -:    3:#include "Controller/FlowerController.h"
        -:    4:#include "UI/Console.h"
        -:    5:
function main called 1 returned 100% blocks executed 82%
        1:    6:int main() {
        1:    7:    AllTests::run_tests();
        1:    7-block  0
call    0 returned 1
branch  1 taken 1 (fallthrough)
branch  2 taken 0 (throw)
        -:    8:
        1:    9:    RepoInMemory<Flower> repo;
        1:    9-block  0
call    0 returned 1
        1:   10:    FlowerController controller(repo);
call    0 returned 1
branch  1 taken 1 (fallthrough)
branch  2 taken 0 (throw)
        1:   11:    Console console(controller);
        1:   11-block  0
call    0 returned 1
branch  1 taken 1 (fallthrough)
branch  2 taken 0 (throw)
        -:   12:
        1:   13:    console.runMenu();
        1:   13-block  0
call    0 returned 1
branch  1 taken 1 (fallthrough)
branch  2 taken 0 (throw)
        -:   14:
        1:   15:    return 0;
        1:   16:}
        1:   16-block  0
call    0 returned 1
    $$$$$:   16-block  1
call    1 never executed
