        -:    0:Source:C:/Users/user/Desktop/Projects/Flower_Shop/Tests/TestController.cpp
        -:    0:Graph:C:\Users\user\Desktop\Projects\Flower_Shop\cmake-build-debug-coverage\CMakeFiles\Flower_Shop.dir\Tests\TestController.cpp.gcno
        -:    0:Data:C:\Users\user\Desktop\Projects\Flower_Shop\cmake-build-debug-coverage\CMakeFiles\Flower_Shop.dir\Tests\TestController.cpp.gcda
        -:    0:Runs:1
        -:    1://
        -:    2:// Created by user on 02.05.2022.
        -:    3://
        -:    4:
        -:    5:#include "TestController.h"
        -:    6:#include "../Repository/RepoInMemory.h"
        -:    7:#include "../Domain/Flower.h"
        -:    8:#include "../Controller/FlowerController.h"
        -:    9:#include <cassert>
        -:   10:
function _ZN14TestController4testEv called 1 returned 100% blocks executed 46%
        1:   11:void TestController::test() {
        1:   12:    RepoInMemory<Flower> repo;
        1:   12-block  0
call    0 returned 1
        1:   13:    FlowerController controller(repo);
call    0 returned 1
branch  1 taken 1 (fallthrough)
branch  2 taken 0 (throw)
        -:   14:
        1:   15:    controller.addFlower("blue", "tulip", "summer", 12);
        1:   15-block  0
call    0 returned 1
call    1 returned 1
branch  2 taken 1 (fallthrough)
branch  3 taken 0 (throw)
        1:   15-block  1
call    4 returned 1
call    5 returned 1
branch  6 taken 1 (fallthrough)
branch  7 taken 0 (throw)
        1:   15-block  2
call    8 returned 1
call    9 returned 1
branch 10 taken 1 (fallthrough)
branch 11 taken 0 (throw)
        1:   15-block  3
call   12 returned 1
branch 13 taken 1 (fallthrough)
branch 14 taken 0 (throw)
        1:   15-block  4
call   15 returned 1
call   16 returned 1
call   17 returned 1
call   18 returned 1
call   19 returned 1
call   20 returned 1
    $$$$$:   15-block  5
call   21 never executed
    $$$$$:   15-block  6
    $$$$$:   15-block  7
call   22 never executed
    $$$$$:   15-block  8
    $$$$$:   15-block  9
call   23 never executed
    $$$$$:   15-block 10
    $$$$$:   15-block 11
call   24 never executed
    $$$$$:   15-block 12
    $$$$$:   15-block 13
call   25 never executed
    $$$$$:   15-block 14
    $$$$$:   15-block 15
call   26 never executed
    $$$$$:   15-block 16
        1:   16:    controller.addFlower("green", "cactus", "winter", 25);
call    0 returned 1
call    1 returned 1
branch  2 taken 1 (fallthrough)
branch  3 taken 0 (throw)
        1:   16-block  0
call    4 returned 1
call    5 returned 1
branch  6 taken 1 (fallthrough)
branch  7 taken 0 (throw)
        1:   16-block  1
call    8 returned 1
call    9 returned 1
branch 10 taken 1 (fallthrough)
branch 11 taken 0 (throw)
        1:   16-block  2
call   12 returned 1
branch 13 taken 1 (fallthrough)
branch 14 taken 0 (throw)
        1:   16-block  3
call   15 returned 1
call   16 returned 1
call   17 returned 1
call   18 returned 1
call   19 returned 1
call   20 returned 1
    $$$$$:   16-block  4
call   21 never executed
    $$$$$:   16-block  5
    $$$$$:   16-block  6
call   22 never executed
    $$$$$:   16-block  7
    $$$$$:   16-block  8
call   23 never executed
    $$$$$:   16-block  9
    $$$$$:   16-block 10
call   24 never executed
    $$$$$:   16-block 11
    $$$$$:   16-block 12
call   25 never executed
    $$$$$:   16-block 13
    $$$$$:   16-block 14
call   26 never executed
    $$$$$:   16-block 15
        1:   17:    std::vector<Flower> flower = controller.readFlowers();
call    0 returned 1
branch  1 taken 1 (fallthrough)
branch  2 taken 0 (throw)
       1*:   18:    assert(flower.size()==2);
        1:   18-block  0
call    0 returned 1
branch  1 taken 0 (fallthrough)
branch  2 taken 1
    %%%%%:   18-block  1
call    3 never executed
branch  4 never executed
branch  5 never executed
        1:   18-block  2
    %%%%%:   18-block  3
        -:   19:
        1:   20:}
        1:   20-block  0
call    0 returned 1
call    1 returned 1
    $$$$$:   20-block  1
call    2 never executed
    $$$$$:   20-block  2
call    3 never executed
